[1/11] Performing build step for 'bootloader'
[1/1] cmd.exe /C "cd /D C:\Users\ASUS\Desktop\ESPIDF_Mana\max30102_oled_test\build\bootloader\esp-idf\esptool_py && C:\Users\ASUS\Espressif\python_env\idf5.1_py3.11_env\Scripts\python.exe C:/Users/ASUS/Espressif/frameworks/esp-idf-v5.1.2/components/partition_table/check_sizes.py --offset 0x8000 bootloader 0x1000 C:/Users/ASUS/Desktop/ESPIDF_Mana/max30102_oled_test/build/bootloader/bootloader.bin"
Bootloader binary size 0x6810 bytes. 0x7f0 bytes (7%) free.
[2/9] Building C object esp-idf/ssd1306/CMakeFiles/__idf_ssd1306.dir/ssd1306_i2c_legacy.c.obj
[3/9] Linking C static library esp-idf\ssd1306\libssd1306.a
[4/9] Linking C static library esp-idf\main\libmain.a
[5/9] Generating ld/sections.ld
[6/9] Building C object CMakeFiles/max30102_oled_test.elf.dir/project_elf_src_esp32.c.obj
[7/9] Linking CXX executable max30102_oled_test.elf
FAILED: max30102_oled_test.elf 
cmd.exe /C "cd . && C:\Users\ASUS\Espressif\tools\xtensa-esp32-elf\esp-12.2.0_20230208\xtensa-esp32-elf\bin\xtensa-esp32-elf-g++.exe -mlongcalls -Wno-frame-address -Wl,--cref -Wl,--defsym=IDF_TARGET_ESP32=0 -Wl,--Map=C:/Users/ASUS/Desktop/ESPIDF_Mana/max30102_oled_test/build/max30102_oled_test.map -Wl,--no-warn-rwx-segments -fno-rtti -fno-lto -Wl,--gc-sections -Wl,--warn-common -T esp32.peripherals.ld -T esp32.rom.ld -T esp32.rom.api.ld -T esp32.rom.libgcc.ld -T esp32.rom.newlib-data.ld -T esp32.rom.syscalls.ld -T esp32.rom.newlib-funcs.ld -T memory.ld -T sections.ld @CMakeFiles\max30102_oled_test.elf.rsp -o max30102_oled_test.elf  && cd ."
c:/users/asus/espressif/tools/xtensa-esp32-elf/esp-12.2.0_20230208/xtensa-esp32-elf/bin/../lib/gcc/xtensa-esp32-elf/12.2.0/../../../../xtensa-esp32-elf/bin/ld.exe: esp-idf/ssd1306/libssd1306.a(ssd1306.c.obj):(.literal.ssd1306_init+0x0): undefined reference to `i2c_init'
c:/users/asus/espressif/tools/xtensa-esp32-elf/esp-12.2.0_20230208/xtensa-esp32-elf/bin/../lib/gcc/xtensa-esp32-elf/12.2.0/../../../../xtensa-esp32-elf/bin/ld.exe: esp-idf/ssd1306/libssd1306.a(ssd1306.c.obj): in function `ssd1306_init':
C:/Users/ASUS/Desktop/ESPIDF_Mana/max30102_oled_test/component/ssd1306/ssd1306.c:25: undefined reference to `i2c_init'
collect2.exe: error: ld returned 1 exit status
ninja: build stopped: subcommand failed.
